<?xml version="1.0" encoding="UTF-8"?>
<testng-results ignored="0" total="1" passed="1" failed="0" skipped="0">
  <reporter-output>
    <line>
      <![CDATA[Browserlaunched sussess]]>
    </line>
    <line>
      <![CDATA[screenshot taken for TC 100]]>
    </line>
    <line>
      <![CDATA[Validated UserName]]>
    </line>
    <line>
      <![CDATA[Logging out]]>
    </line>
    <line>
      <![CDATA[Browser closed sussess]]>
    </line>
  </reporter-output>
  <suite started-at="2022-04-01T13:18:35 IST" name="Default suite" finished-at="2022-04-01T13:18:48 IST" duration-ms="12514">
    <groups>
    </groups>
    <test started-at="2022-04-01T13:18:35 IST" name="Default test" finished-at="2022-04-01T13:18:48 IST" duration-ms="12514">
      <class name="kiteTESTpackage.KiteUserNameValidation">
        <test-method is-config="true" signature="browserLaunch()[pri:0, instance:kiteTESTpackage.KiteUserNameValidation@35e2d654]" started-at="2022-04-01T13:18:35 IST" name="browserLaunch" finished-at="2022-04-01T13:18:41 IST" duration-ms="5733" status="PASS">
          <reporter-output>
            <line>
              <![CDATA[Browserlaunched sussess]]>
            </line>
          </reporter-output>
        </test-method> <!-- browserLaunch -->
        <test-method is-config="true" signature="loginToKiteApp()[pri:0, instance:kiteTESTpackage.KiteUserNameValidation@35e2d654]" started-at="2022-04-01T13:18:41 IST" name="loginToKiteApp" finished-at="2022-04-01T13:18:43 IST" duration-ms="1772" status="PASS">
          <reporter-output>
          </reporter-output>
        </test-method> <!-- loginToKiteApp -->
        <test-method signature="validateUserName()[pri:0, instance:kiteTESTpackage.KiteUserNameValidation@35e2d654]" started-at="2022-04-01T13:18:43 IST" name="validateUserName" finished-at="2022-04-01T13:18:46 IST" duration-ms="2695" status="PASS">
          <reporter-output>
            <line>
              <![CDATA[screenshot taken for TC 100]]>
            </line>
            <line>
              <![CDATA[Validated UserName]]>
            </line>
          </reporter-output>
        </test-method> <!-- validateUserName -->
        <test-method is-config="true" signature="logoutFromKiteApp()[pri:0, instance:kiteTESTpackage.KiteUserNameValidation@35e2d654]" started-at="2022-04-01T13:18:46 IST" name="logoutFromKiteApp" finished-at="2022-04-01T13:18:48 IST" duration-ms="1947" status="PASS">
          <reporter-output>
            <line>
              <![CDATA[Logging out]]>
            </line>
          </reporter-output>
        </test-method> <!-- logoutFromKiteApp -->
        <test-method is-config="true" signature="closingBrowser()[pri:0, instance:kiteTESTpackage.KiteUserNameValidation@35e2d654]" started-at="2022-04-01T13:18:48 IST" name="closingBrowser" finished-at="2022-04-01T13:18:48 IST" duration-ms="284" status="PASS">
          <reporter-output>
            <line>
              <![CDATA[Browser closed sussess]]>
            </line>
          </reporter-output>
        </test-method> <!-- closingBrowser -->
      </class> <!-- kiteTESTpackage.KiteUserNameValidation -->
    </test> <!-- Default test -->
  </suite> <!-- Default suite -->
</testng-results>
